TN:
SF:src/App.tsx
FN:8,(anonymous_0)
FNF:1
FNH:0
FNDA:0,(anonymous_0)
DA:2,0
DA:3,0
DA:4,0
DA:5,0
DA:6,0
DA:8,0
DA:9,0
LF:7
LH:0
BRF:0
BRH:0
end_of_record
TN:
SF:src/main.tsx
FNF:0
FNH:0
DA:1,0
DA:2,0
DA:3,0
DA:4,0
DA:5,0
DA:7,0
DA:9,0
LF:7
LH:0
BRF:0
BRH:0
end_of_record
TN:
SF:src/vite-env.d.ts
FNF:0
FNH:0
LF:0
LH:0
BRF:0
BRH:0
end_of_record
TN:
SF:src/components/indexComponents.ts
FN:14,(anonymous_0)
FN:15,(anonymous_1)
FN:16,(anonymous_2)
FN:17,(anonymous_3)
FN:18,(anonymous_4)
FN:19,(anonymous_5)
FN:20,(anonymous_6)
FN:21,(anonymous_7)
FN:22,(anonymous_8)
FN:23,(anonymous_9)
FN:24,(anonymous_10)
FNF:11
FNH:10
FNDA:1,(anonymous_0)
FNDA:6,(anonymous_1)
FNDA:0,(anonymous_2)
FNDA:5,(anonymous_3)
FNDA:3,(anonymous_4)
FNDA:1,(anonymous_5)
FNDA:1,(anonymous_6)
FNDA:3,(anonymous_7)
FNDA:1,(anonymous_8)
FNDA:3,(anonymous_9)
FNDA:24,(anonymous_10)
DA:1,8
DA:2,8
DA:3,8
DA:4,8
DA:5,8
DA:6,8
DA:7,8
DA:8,8
DA:9,8
DA:10,8
DA:11,8
DA:14,9
DA:15,14
DA:16,8
DA:17,13
DA:18,11
DA:19,9
DA:20,9
DA:21,11
DA:22,9
DA:23,11
DA:24,32
LF:22
LH:22
BRF:0
BRH:0
end_of_record
TN:
SF:src/components/button/Button.tsx
FN:10,(anonymous_0)
FNF:1
FNH:1
FNDA:22,(anonymous_0)
DA:10,8
DA:16,22
LF:2
LH:2
BRF:0
BRH:0
end_of_record
TN:
SF:src/components/context/SearchContext.tsx
FN:28,(anonymous_0)
FN:30,(anonymous_1)
FN:32,(anonymous_2)
FN:34,(anonymous_3)
FN:36,(anonymous_4)
FN:38,(anonymous_5)
FN:40,(anonymous_6)
FN:45,(anonymous_7)
FN:49,(anonymous_8)
FNF:9
FNH:2
FNDA:0,(anonymous_0)
FNDA:0,(anonymous_1)
FNDA:0,(anonymous_2)
FNDA:0,(anonymous_3)
FNDA:0,(anonymous_4)
FNDA:0,(anonymous_5)
FNDA:0,(anonymous_6)
FNDA:13,(anonymous_7)
FNDA:9,(anonymous_8)
DA:1,7
DA:26,7
DA:43,7
DA:45,7
DA:46,13
DA:49,7
DA:53,9
DA:56,9
DA:59,9
DA:60,9
DA:61,9
DA:62,9
DA:63,9
DA:65,9
DA:82,9
LF:15
LH:15
BRDA:54,0,0,9
BRDA:54,0,1,9
BRDA:83,1,0,9
BRDA:83,1,1,4
BRF:4
BRH:4
end_of_record
TN:
SF:src/components/error-boundary/ErrorBoundary.tsx
FN:24,(anonymous_0)
FN:32,(anonymous_1)
FNF:2
FNH:2
FNDA:1,(anonymous_0)
FNDA:3,(anonymous_1)
DA:1,8
DA:14,8
DA:18,2
DA:25,1
DA:33,3
DA:34,1
DA:36,2
LF:7
LH:7
BRDA:33,0,0,1
BRF:1
BRH:1
end_of_record
TN:
SF:src/components/error-boundary/ErrorBoundaryButton.tsx
FN:11,(anonymous_0)
FN:14,(anonymous_1)
FNF:2
FNH:1
FNDA:5,(anonymous_0)
FNDA:0,(anonymous_1)
DA:1,8
DA:3,8
DA:5,8
DA:11,8
DA:12,5
DA:14,5
DA:15,0
DA:18,5
DA:19,0
DA:23,5
LF:10
LH:8
BRDA:18,0,0,0
BRF:1
BRH:0
end_of_record
TN:
SF:src/components/fallback/FallBack.tsx
FN:5,(anonymous_0)
FNF:1
FNH:0
FNDA:0,(anonymous_0)
DA:3,8
DA:5,8
DA:6,0
LF:3
LH:2
BRF:0
BRH:0
end_of_record
TN:
SF:src/components/loader/Loader.tsx
FN:5,(anonymous_0)
FNF:1
FNH:1
FNDA:5,(anonymous_0)
DA:3,8
DA:5,8
DA:6,5
LF:3
LH:3
BRF:0
BRH:0
end_of_record
TN:
SF:src/components/pages/NotFoundPage.tsx
FN:5,(anonymous_0)
FNF:1
FNH:1
FNDA:1,(anonymous_0)
DA:3,1
DA:5,1
DA:6,1
LF:3
LH:3
BRF:0
BRH:0
end_of_record
TN:
SF:src/components/pagination/Pagination.tsx
FN:11,(anonymous_0)
FN:23,(anonymous_1)
FN:29,(anonymous_2)
FN:35,(anonymous_3)
FN:41,(anonymous_4)
FN:47,(anonymous_5)
FNF:6
FNH:4
FNDA:5,(anonymous_0)
FNDA:0,(anonymous_1)
FNDA:1,(anonymous_2)
FNDA:1,(anonymous_3)
FNDA:0,(anonymous_4)
FNDA:5,(anonymous_5)
DA:2,8
DA:3,8
DA:5,8
DA:11,8
DA:19,5
DA:20,5
DA:21,5
DA:23,5
DA:24,0
DA:25,0
DA:26,0
DA:29,5
DA:30,1
DA:31,1
DA:32,1
DA:35,5
DA:36,1
DA:37,1
DA:38,1
DA:41,5
DA:42,0
DA:43,0
DA:44,0
DA:47,5
DA:48,5
DA:49,0
DA:51,5
DA:95,5
DA:96,0
DA:98,5
LF:30
LH:22
BRDA:48,0,0,0
BRDA:69,1,0,3
BRDA:69,1,1,2
BRDA:83,2,0,0
BRDA:83,2,1,5
BRDA:95,3,0,0
BRF:6
BRH:3
end_of_record
TN:
SF:src/components/search/SearchBar.tsx
FN:8,(anonymous_0)
FN:13,(anonymous_1)
FN:20,(anonymous_2)
FN:25,(anonymous_3)
FN:27,(anonymous_4)
FN:49,(anonymous_5)
FNF:6
FNH:4
FNDA:6,(anonymous_0)
FNDA:5,(anonymous_1)
FNDA:1,(anonymous_2)
FNDA:0,(anonymous_3)
FNDA:0,(anonymous_4)
FNDA:1,(anonymous_5)
DA:1,8
DA:2,8
DA:3,8
DA:4,8
DA:6,8
DA:8,8
DA:10,6
DA:11,6
DA:13,6
DA:14,5
DA:15,5
DA:16,2
DA:17,2
DA:20,6
DA:21,1
DA:22,1
DA:23,1
DA:25,6
DA:26,0
DA:27,0
DA:28,0
DA:29,0
DA:31,0
DA:32,0
DA:36,6
DA:49,1
LF:26
LH:20
BRDA:15,0,0,2
BRDA:31,1,0,0
BRDA:48,2,0,6
BRDA:48,2,1,3
BRF:4
BRH:3
end_of_record
TN:
SF:src/components/search/SearchResultItem.tsx
FN:10,(anonymous_0)
FNF:1
FNH:1
FNDA:4,(anonymous_0)
DA:2,8
DA:10,8
DA:14,4
LF:3
LH:3
BRF:0
BRH:0
end_of_record
TN:
SF:src/components/search/SearchResults.tsx
FN:9,(anonymous_0)
FN:11,(anonymous_1)
FN:15,(anonymous_2)
FN:20,(anonymous_3)
FN:32,(anonymous_4)
FN:43,(anonymous_5)
FNF:6
FNH:4
FNDA:3,(anonymous_0)
FNDA:0,(anonymous_1)
FNDA:2,(anonymous_2)
FNDA:1,(anonymous_3)
FNDA:1,(anonymous_4)
FNDA:0,(anonymous_5)
DA:2,8
DA:3,8
DA:4,8
DA:7,8
DA:9,8
DA:10,3
DA:11,3
DA:12,0
DA:15,3
DA:16,2
DA:21,1
DA:32,3
DA:33,1
DA:43,3
DA:44,0
DA:52,3
DA:53,1
DA:55,2
DA:56,0
DA:58,2
LF:20
LH:17
BRDA:52,0,0,1
BRDA:55,1,0,0
BRF:2
BRH:1
end_of_record
TN:
SF:src/components/search/SearchWrap.tsx
FN:16,(anonymous_0)
FN:40,(anonymous_1)
FN:46,(anonymous_2)
FN:50,(anonymous_3)
FN:54,(anonymous_4)
FN:58,(anonymous_5)
FNF:6
FNH:3
FNDA:1,(anonymous_0)
FNDA:0,(anonymous_1)
FNDA:0,(anonymous_2)
FNDA:1,(anonymous_3)
FNDA:1,(anonymous_4)
FNDA:0,(anonymous_5)
DA:1,8
DA:2,8
DA:3,8
DA:4,8
DA:5,8
DA:6,8
DA:9,8
DA:14,8
DA:16,8
DA:25,1
DA:27,1
DA:28,1
DA:30,1
DA:32,1
DA:36,1
DA:37,0
DA:40,1
DA:41,0
DA:42,0
DA:46,1
DA:47,0
DA:50,1
DA:51,1
DA:54,1
DA:55,1
DA:56,1
DA:58,1
DA:59,0
DA:60,0
DA:61,0
DA:62,0
DA:66,1
DA:67,1
DA:71,0
DA:86,1
LF:35
LH:26
BRDA:30,0,0,0
BRDA:30,0,1,1
BRDA:36,1,0,0
BRDA:41,2,0,0
BRDA:61,3,0,0
BRDA:66,4,0,1
BRDA:66,4,1,0
BRF:7
BRH:2
end_of_record
TN:
SF:src/components/sidebar/SideBar.tsx
FN:18,(anonymous_0)
FN:35,(anonymous_1)
FN:36,(anonymous_2)
FN:57,(anonymous_3)
FN:61,(anonymous_4)
FN:92,(anonymous_5)
FNF:6
FNH:5
FNDA:7,(anonymous_0)
FNDA:4,(anonymous_1)
FNDA:0,(anonymous_2)
FNDA:1,(anonymous_3)
FNDA:5,(anonymous_4)
FNDA:2,(anonymous_5)
DA:1,8
DA:2,8
DA:3,8
DA:4,8
DA:5,8
DA:6,8
DA:8,8
DA:18,8
DA:20,7
DA:21,7
DA:22,7
DA:23,7
DA:24,7
DA:26,7
DA:27,0
DA:28,0
DA:29,0
DA:30,0
DA:31,0
DA:35,7
DA:36,4
DA:37,0
DA:38,0
DA:39,0
DA:40,0
DA:41,0
DA:43,0
DA:47,4
DA:48,0
DA:49,0
DA:50,0
DA:52,4
DA:53,4
DA:57,7
DA:58,1
DA:61,7
DA:62,5
DA:92,7
DA:93,2
DA:111,7
DA:112,2
DA:114,5
LF:42
LH:28
BRDA:26,0,0,0
BRDA:29,1,0,0
BRDA:47,2,0,0
BRDA:47,2,1,4
BRDA:48,3,0,0
BRDA:48,3,1,0
BRDA:64,4,0,5
BRDA:64,4,1,5
BRDA:95,5,0,2
BRDA:95,5,1,2
BRDA:111,6,0,2
BRF:11
BRH:6
end_of_record
TN:
SF:src/utils/usefulFuncs.ts
FN:3,getAllPhilosophers
FN:9,(anonymous_2)
FN:14,getPhilosopherByName
FN:25,(anonymous_4)
FN:28,(anonymous_5)
FN:36,getPhilosopherById
FN:39,(anonymous_7)
FN:42,(anonymous_8)
FNF:8
FNH:6
FNDA:2,getAllPhilosophers
FNDA:1,(anonymous_2)
FNDA:1,getPhilosopherByName
FNDA:1,(anonymous_4)
FNDA:0,(anonymous_5)
FNDA:1,getPhilosopherById
FNDA:1,(anonymous_7)
FNDA:0,(anonymous_8)
DA:1,8
DA:3,8
DA:4,2
DA:5,2
DA:10,1
DA:14,8
DA:19,1
DA:20,1
DA:21,1
DA:26,1
DA:29,0
DA:30,0
DA:32,0
DA:36,8
DA:37,1
DA:40,1
DA:43,0
DA:44,0
DA:46,0
LF:19
LH:13
BRDA:29,0,0,0
BRDA:29,1,0,0
BRDA:29,1,1,0
BRDA:43,2,0,0
BRDA:43,3,0,0
BRDA:43,3,1,0
BRF:6
BRH:0
end_of_record
