TN:
SF:src/App.tsx
FN:8,(anonymous_0)
FNF:1
FNH:0
FNDA:0,(anonymous_0)
DA:2,0
DA:3,0
DA:4,0
DA:5,0
DA:6,0
DA:8,0
DA:9,0
LF:7
LH:0
BRF:0
BRH:0
end_of_record
TN:
SF:src/main.tsx
FNF:0
FNH:0
DA:1,0
DA:2,0
DA:3,0
DA:4,0
DA:5,0
DA:7,0
DA:9,0
LF:7
LH:0
BRF:0
BRH:0
end_of_record
TN:
SF:src/vite-env.d.ts
FNF:0
FNH:0
LF:0
LH:0
BRF:0
BRH:0
end_of_record
TN:
SF:src/components/indexComponents.ts
FN:14,(anonymous_0)
FN:15,(anonymous_1)
FN:16,(anonymous_2)
FN:17,(anonymous_3)
FN:18,(anonymous_4)
FN:19,(anonymous_5)
FN:20,(anonymous_6)
FN:21,(anonymous_7)
FN:22,(anonymous_8)
FN:23,(anonymous_9)
FN:24,(anonymous_10)
FNF:11
FNH:5
FNDA:0,(anonymous_0)
FNDA:3,(anonymous_1)
FNDA:0,(anonymous_2)
FNDA:0,(anonymous_3)
FNDA:2,(anonymous_4)
FNDA:2,(anonymous_5)
FNDA:0,(anonymous_6)
FNDA:2,(anonymous_7)
FNDA:0,(anonymous_8)
FNDA:0,(anonymous_9)
FNDA:9,(anonymous_10)
DA:1,4
DA:2,4
DA:3,4
DA:4,4
DA:5,4
DA:6,4
DA:7,4
DA:8,4
DA:9,4
DA:10,4
DA:11,4
DA:14,4
DA:15,7
DA:16,4
DA:17,4
DA:18,6
DA:19,6
DA:20,4
DA:21,6
DA:22,4
DA:23,4
DA:24,13
LF:22
LH:22
BRF:0
BRH:0
end_of_record
TN:
SF:src/components/button/Button.tsx
FN:9,(anonymous_0)
FNF:1
FNH:1
FNDA:9,(anonymous_0)
DA:9,4
DA:10,9
LF:2
LH:2
BRF:0
BRH:0
end_of_record
TN:
SF:src/components/context/SearchContext.tsx
FN:27,(anonymous_0)
FN:29,(anonymous_1)
FN:31,(anonymous_2)
FN:33,(anonymous_3)
FN:35,(anonymous_4)
FN:37,(anonymous_5)
FN:39,(anonymous_6)
FN:44,(anonymous_7)
FN:48,(anonymous_8)
FNF:9
FNH:4
FNDA:1,(anonymous_0)
FNDA:0,(anonymous_1)
FNDA:0,(anonymous_2)
FNDA:0,(anonymous_3)
FNDA:0,(anonymous_4)
FNDA:1,(anonymous_5)
FNDA:0,(anonymous_6)
FNDA:7,(anonymous_7)
FNDA:4,(anonymous_8)
DA:1,3
DA:25,3
DA:42,3
DA:44,3
DA:45,7
DA:48,3
DA:49,4
DA:52,4
DA:55,4
DA:56,4
DA:57,4
DA:58,4
DA:59,4
DA:61,4
DA:78,4
LF:15
LH:15
BRDA:50,0,0,4
BRDA:50,0,1,4
BRF:2
BRH:2
end_of_record
TN:
SF:src/components/error-boundary/ErrorBoundary.tsx
FN:24,(anonymous_0)
FN:32,(anonymous_1)
FNF:2
FNH:0
FNDA:0,(anonymous_0)
FNDA:0,(anonymous_1)
DA:1,4
DA:14,4
DA:18,0
DA:25,0
DA:33,0
DA:34,0
DA:36,0
LF:7
LH:2
BRDA:33,0,0,0
BRF:1
BRH:0
end_of_record
TN:
SF:src/components/error-boundary/ErrorBoundaryButton.tsx
FN:11,(anonymous_0)
FN:14,(anonymous_1)
FNF:2
FNH:1
FNDA:3,(anonymous_0)
FNDA:0,(anonymous_1)
DA:1,4
DA:3,4
DA:5,4
DA:11,4
DA:12,3
DA:14,3
DA:15,0
DA:18,3
DA:19,0
DA:23,3
LF:10
LH:8
BRDA:18,0,0,0
BRF:1
BRH:0
end_of_record
TN:
SF:src/components/fallback/FallBack.tsx
FN:5,(anonymous_0)
FNF:1
FNH:0
FNDA:0,(anonymous_0)
DA:3,4
DA:5,4
DA:6,0
LF:3
LH:2
BRF:0
BRH:0
end_of_record
TN:
SF:src/components/loader/Loader.tsx
FN:6,(anonymous_1)
FNF:1
FNH:0
FNDA:0,(anonymous_1)
DA:3,4
DA:4,4
DA:6,4
DA:7,0
LF:4
LH:3
BRF:0
BRH:0
end_of_record
TN:
SF:src/components/pages/NotFoundPage.tsx
FN:5,(anonymous_0)
FNF:1
FNH:1
FNDA:1,(anonymous_0)
DA:3,1
DA:5,1
DA:6,1
LF:3
LH:3
BRF:0
BRH:0
end_of_record
TN:
SF:src/components/pagination/Pagination.tsx
FN:11,(anonymous_0)
FN:23,(anonymous_1)
FN:29,(anonymous_2)
FN:35,(anonymous_3)
FN:41,(anonymous_4)
FN:47,(anonymous_5)
FNF:6
FNH:4
FNDA:4,(anonymous_0)
FNDA:0,(anonymous_1)
FNDA:1,(anonymous_2)
FNDA:1,(anonymous_3)
FNDA:0,(anonymous_4)
FNDA:4,(anonymous_5)
DA:2,4
DA:3,4
DA:5,4
DA:11,4
DA:19,4
DA:20,4
DA:21,4
DA:23,4
DA:24,0
DA:25,0
DA:26,0
DA:29,4
DA:30,1
DA:31,1
DA:32,1
DA:35,4
DA:36,1
DA:37,1
DA:38,1
DA:41,4
DA:42,0
DA:43,0
DA:44,0
DA:47,4
DA:48,4
DA:49,0
DA:51,4
DA:95,4
DA:96,0
DA:98,4
LF:30
LH:22
BRDA:48,0,0,0
BRDA:69,1,0,3
BRDA:69,1,1,1
BRDA:83,2,0,0
BRDA:83,2,1,4
BRDA:95,3,0,0
BRF:6
BRH:3
end_of_record
TN:
SF:src/components/search/SearchBar.tsx
FN:8,(anonymous_0)
FN:13,(anonymous_1)
FN:18,(anonymous_2)
FN:20,(anonymous_3)
FN:42,(anonymous_4)
FNF:5
FNH:3
FNDA:3,(anonymous_0)
FNDA:1,(anonymous_1)
FNDA:0,(anonymous_2)
FNDA:0,(anonymous_3)
FNDA:1,(anonymous_4)
DA:1,4
DA:2,4
DA:3,4
DA:4,4
DA:6,4
DA:8,4
DA:10,3
DA:11,3
DA:13,3
DA:14,1
DA:15,1
DA:16,1
DA:18,3
DA:19,0
DA:20,0
DA:21,0
DA:22,0
DA:24,0
DA:25,0
DA:29,3
DA:42,1
LF:21
LH:15
BRDA:24,0,0,0
BRF:1
BRH:0
end_of_record
TN:
SF:src/components/search/SearchResultItem.tsx
FN:10,(anonymous_0)
FNF:1
FNH:1
FNDA:2,(anonymous_0)
DA:2,4
DA:10,4
DA:14,2
LF:3
LH:3
BRF:0
BRH:0
end_of_record
TN:
SF:src/components/search/SearchResults.tsx
FN:9,(anonymous_0)
FN:11,(anonymous_1)
FN:15,(anonymous_2)
FN:20,(anonymous_3)
FN:32,(anonymous_4)
FN:43,(anonymous_5)
FNF:6
FNH:2
FNDA:1,(anonymous_0)
FNDA:0,(anonymous_1)
FNDA:0,(anonymous_2)
FNDA:0,(anonymous_3)
FNDA:1,(anonymous_4)
FNDA:0,(anonymous_5)
DA:2,4
DA:3,4
DA:4,4
DA:7,4
DA:9,4
DA:10,1
DA:11,1
DA:12,0
DA:15,1
DA:16,0
DA:21,0
DA:32,1
DA:33,1
DA:43,1
DA:44,0
DA:52,1
DA:53,1
DA:55,0
DA:56,0
DA:58,0
LF:20
LH:13
BRDA:52,0,0,1
BRDA:55,1,0,0
BRF:2
BRH:1
end_of_record
TN:
SF:src/components/search/SearchWrap.tsx
FN:17,(anonymous_1)
FN:37,(anonymous_2)
FN:43,(anonymous_3)
FN:46,(anonymous_4)
FNF:4
FNH:0
FNDA:0,(anonymous_1)
FNDA:0,(anonymous_2)
FNDA:0,(anonymous_3)
FNDA:0,(anonymous_4)
DA:1,4
DA:2,4
DA:3,4
DA:4,4
DA:5,4
DA:6,4
DA:9,4
DA:14,4
DA:15,4
DA:17,4
DA:25,0
DA:27,0
DA:29,0
DA:33,0
DA:34,0
DA:37,0
DA:38,0
DA:39,0
DA:43,0
DA:44,0
DA:46,0
DA:47,0
DA:48,0
DA:49,0
DA:50,0
DA:54,0
DA:55,0
DA:59,0
DA:73,0
LF:29
LH:10
BRDA:33,0,0,0
BRDA:38,1,0,0
BRDA:49,2,0,0
BRDA:54,3,0,0
BRDA:54,3,1,0
BRF:5
BRH:0
end_of_record
TN:
SF:src/components/sidebar/SideBar.tsx
FN:18,(anonymous_0)
FN:34,(anonymous_1)
FN:36,(anonymous_2)
FN:39,(anonymous_3)
FN:51,(anonymous_4)
FN:55,(anonymous_5)
FN:77,(anonymous_6)
FNF:7
FNH:0
FNDA:0,(anonymous_0)
FNDA:0,(anonymous_1)
FNDA:0,(anonymous_2)
FNDA:0,(anonymous_3)
FNDA:0,(anonymous_4)
FNDA:0,(anonymous_5)
FNDA:0,(anonymous_6)
DA:1,4
DA:2,4
DA:3,4
DA:4,4
DA:5,4
DA:6,4
DA:8,4
DA:18,4
DA:20,0
DA:21,0
DA:22,0
DA:23,0
DA:25,0
DA:26,0
DA:27,0
DA:28,0
DA:29,0
DA:30,0
DA:34,0
DA:35,0
DA:36,0
DA:37,0
DA:38,0
DA:39,0
DA:40,0
DA:41,0
DA:44,0
DA:47,0
DA:51,0
DA:52,0
DA:55,0
DA:56,0
DA:77,0
DA:78,0
DA:91,0
DA:92,0
DA:94,0
LF:37
LH:8
BRDA:25,0,0,0
BRDA:28,1,0,0
BRDA:35,2,0,0
BRDA:57,3,0,0
BRDA:57,3,1,0
BRDA:80,4,0,0
BRDA:80,4,1,0
BRDA:91,5,0,0
BRF:8
BRH:0
end_of_record
TN:
SF:src/utils/usefulFuncs.ts
FN:3,getAllPhilosophers
FN:9,(anonymous_2)
FN:14,getPhilosopherByName
FN:25,(anonymous_4)
FN:28,(anonymous_5)
FN:36,getPhilosopherById
FN:39,(anonymous_7)
FN:42,(anonymous_8)
FNF:8
FNH:0
FNDA:0,getAllPhilosophers
FNDA:0,(anonymous_2)
FNDA:0,getPhilosopherByName
FNDA:0,(anonymous_4)
FNDA:0,(anonymous_5)
FNDA:0,getPhilosopherById
FNDA:0,(anonymous_7)
FNDA:0,(anonymous_8)
DA:1,4
DA:3,4
DA:4,0
DA:5,0
DA:10,0
DA:14,4
DA:19,0
DA:20,0
DA:21,0
DA:26,0
DA:29,0
DA:30,0
DA:32,0
DA:36,4
DA:37,0
DA:40,0
DA:43,0
DA:44,0
DA:46,0
LF:19
LH:4
BRDA:29,0,0,0
BRDA:29,1,0,0
BRDA:29,1,1,0
BRDA:43,2,0,0
BRDA:43,3,0,0
BRDA:43,3,1,0
BRF:6
BRH:0
end_of_record
